{"contracts\\FundMe.sol":{"l":{"36":0,"37":0,"51":0,"52":0,"57":0,"62":0,"63":0,"67":0,"72":0,"73":0,"75":0,"79":0,"80":0,"84":0,"86":0,"91":0,"92":0,"94":0,"96":0,"97":0,"109":0,"113":0,"117":0,"121":0,"125":0},"path":"D:\\Work\\Solidity Basics\\Patrick Collins\\7_hardhat-fund-me\\contracts\\FundMe.sol","s":{"1":0,"2":0,"3":0,"4":0,"5":0,"6":0,"7":0,"8":0,"9":0,"10":0,"11":0,"12":0,"13":0,"14":0,"15":0,"16":0,"17":0,"18":0,"19":0,"20":0,"21":0,"22":0,"23":0,"24":0},"b":{"1":[0,0],"2":[0,0],"3":[0,0],"4":[0,0]},"f":{"1":0,"2":0,"3":0,"4":0,"5":0,"6":0,"7":0,"8":0,"9":0,"10":0},"fnMap":{"1":{"name":"onlyOwner","line":34,"loc":{"start":{"line":34,"column":4},"end":{"line":38,"column":4}}},"2":{"name":"constructor","line":50,"loc":{"start":{"line":50,"column":4},"end":{"line":53,"column":4}}},"3":{"name":"fund","line":56,"loc":{"start":{"line":56,"column":4},"end":{"line":64,"column":4}}},"4":{"name":"withdraw","line":66,"loc":{"start":{"line":66,"column":4},"end":{"line":81,"column":4}}},"5":{"name":"cheaperWithdraw","line":83,"loc":{"start":{"line":83,"column":4},"end":{"line":98,"column":4}}},"6":{"name":"getAddressToAmountFunded","line":104,"loc":{"start":{"line":104,"column":4},"end":{"line":110,"column":4}}},"7":{"name":"getVersion","line":112,"loc":{"start":{"line":112,"column":4},"end":{"line":114,"column":4}}},"8":{"name":"getFunder","line":116,"loc":{"start":{"line":116,"column":4},"end":{"line":118,"column":4}}},"9":{"name":"getOwner","line":120,"loc":{"start":{"line":120,"column":4},"end":{"line":122,"column":4}}},"10":{"name":"getPriceFeed","line":124,"loc":{"start":{"line":124,"column":4},"end":{"line":126,"column":4}}}},"statementMap":{"1":{"start":{"line":36,"column":8},"end":{"line":36,"column":60}},"2":{"start":{"line":51,"column":8},"end":{"line":51,"column":53}},"3":{"start":{"line":52,"column":8},"end":{"line":52,"column":27}},"4":{"start":{"line":57,"column":8},"end":{"line":57,"column":1450}},"5":{"start":{"line":62,"column":8},"end":{"line":62,"column":55}},"6":{"start":{"line":63,"column":8},"end":{"line":63,"column":33}},"7":{"start":{"line":67,"column":8},"end":{"line":67,"column":1734}},"8":{"start":{"line":72,"column":12},"end":{"line":72,"column":51}},"9":{"start":{"line":73,"column":12},"end":{"line":73,"column":46}},"10":{"start":{"line":75,"column":8},"end":{"line":75,"column":35}},"11":{"start":{"line":79,"column":8},"end":{"line":79,"column":73}},"12":{"start":{"line":80,"column":8},"end":{"line":80,"column":23}},"13":{"start":{"line":84,"column":8},"end":{"line":84,"column":44}},"14":{"start":{"line":86,"column":8},"end":{"line":86,"column":2369}},"15":{"start":{"line":91,"column":12},"end":{"line":91,"column":49}},"16":{"start":{"line":92,"column":12},"end":{"line":92,"column":46}},"17":{"start":{"line":94,"column":8},"end":{"line":94,"column":35}},"18":{"start":{"line":96,"column":8},"end":{"line":96,"column":73}},"19":{"start":{"line":97,"column":8},"end":{"line":97,"column":23}},"20":{"start":{"line":109,"column":8},"end":{"line":109,"column":54}},"21":{"start":{"line":113,"column":8},"end":{"line":113,"column":36}},"22":{"start":{"line":117,"column":8},"end":{"line":117,"column":31}},"23":{"start":{"line":121,"column":8},"end":{"line":121,"column":22}},"24":{"start":{"line":125,"column":8},"end":{"line":125,"column":26}}},"branchMap":{"1":{"line":36,"type":"if","locations":[{"start":{"line":36,"column":8},"end":{"line":36,"column":8}},{"start":{"line":36,"column":8},"end":{"line":36,"column":8}}]},"2":{"line":57,"type":"if","locations":[{"start":{"line":57,"column":8},"end":{"line":57,"column":8}},{"start":{"line":57,"column":8},"end":{"line":57,"column":8}}]},"3":{"line":80,"type":"if","locations":[{"start":{"line":80,"column":8},"end":{"line":80,"column":8}},{"start":{"line":80,"column":8},"end":{"line":80,"column":8}}]},"4":{"line":97,"type":"if","locations":[{"start":{"line":97,"column":8},"end":{"line":97,"column":8}},{"start":{"line":97,"column":8},"end":{"line":97,"column":8}}]}}},"contracts\\PriceConverter.sol":{"l":{"18":0,"20":0,"28":0,"29":0,"31":0},"path":"D:\\Work\\Solidity Basics\\Patrick Collins\\7_hardhat-fund-me\\contracts\\PriceConverter.sol","s":{"1":0,"2":0,"3":0,"4":0,"5":0},"b":{},"f":{"1":0,"2":0},"fnMap":{"1":{"name":"getPrice","line":7,"loc":{"start":{"line":7,"column":4},"end":{"line":21,"column":4}}},"2":{"name":"getConversionRate","line":24,"loc":{"start":{"line":24,"column":4},"end":{"line":32,"column":4}}}},"statementMap":{"1":{"start":{"line":18,"column":8},"end":{"line":18,"column":61}},"2":{"start":{"line":20,"column":8},"end":{"line":20,"column":44}},"3":{"start":{"line":28,"column":8},"end":{"line":28,"column":46}},"4":{"start":{"line":29,"column":8},"end":{"line":29,"column":77}},"5":{"start":{"line":31,"column":8},"end":{"line":31,"column":29}}},"branchMap":{}},"contracts\\test\\MockV3Aggregator.sol":{"l":{},"path":"D:\\Work\\Solidity Basics\\Patrick Collins\\7_hardhat-fund-me\\contracts\\test\\MockV3Aggregator.sol","s":{},"b":{},"f":{},"fnMap":{},"statementMap":{},"branchMap":{}}}